Using pre-set license
Built from '2021.3/staging' branch; Version is '2021.3.5f1 (40eb3a945986) revision 4254522'; Using compiler version '192829333'; Build Type 'Release'
OS: 'Windows 10  (10.0.19044) 64bit Core' Language: 'en' Physical Memory: 16316 MB
BatchMode: 1, IsHumanControllingUs: 0, StartBugReporterOnCrash: 0, Is64bit: 1, IsPro: 1

COMMAND LINE ARGUMENTS:
C:\Program Files\Unity\Hub\Editor\2021.3.5f1\Editor\Unity.exe
-adb2
-batchMode
-noUpm
-name
AssetImportWorker0
-projectPath
C:/Users/Andries/Documents/GitHub/HallOfTheGundead/New Unity Project
-logFile
Logs/AssetImportWorker0.log
-srvPort
55764
Successfully changed project path to: C:/Users/Andries/Documents/GitHub/HallOfTheGundead/New Unity Project
C:/Users/Andries/Documents/GitHub/HallOfTheGundead/New Unity Project
[UnityMemory] Configuration Parameters - Can be set up in boot.config
    "memorysetup-bucket-allocator-granularity=16"
    "memorysetup-bucket-allocator-bucket-count=8"
    "memorysetup-bucket-allocator-block-size=33554432"
    "memorysetup-bucket-allocator-block-count=8"
    "memorysetup-main-allocator-block-size=16777216"
    "memorysetup-thread-allocator-block-size=16777216"
    "memorysetup-gfx-main-allocator-block-size=16777216"
    "memorysetup-gfx-thread-allocator-block-size=16777216"
    "memorysetup-cache-allocator-block-size=4194304"
    "memorysetup-typetree-allocator-block-size=2097152"
    "memorysetup-profiler-bucket-allocator-granularity=16"
    "memorysetup-profiler-bucket-allocator-bucket-count=8"
    "memorysetup-profiler-bucket-allocator-block-size=33554432"
    "memorysetup-profiler-bucket-allocator-block-count=8"
    "memorysetup-profiler-allocator-block-size=16777216"
    "memorysetup-profiler-editor-allocator-block-size=1048576"
    "memorysetup-temp-allocator-size-main=16777216"
    "memorysetup-job-temp-allocator-block-size=2097152"
    "memorysetup-job-temp-allocator-block-size-background=1048576"
    "memorysetup-job-temp-allocator-reduction-small-platforms=262144"
    "memorysetup-temp-allocator-size-background-worker=32768"
    "memorysetup-temp-allocator-size-job-worker=262144"
    "memorysetup-temp-allocator-size-preload-manager=33554432"
    "memorysetup-temp-allocator-size-nav-mesh-worker=65536"
    "memorysetup-temp-allocator-size-audio-worker=65536"
    "memorysetup-temp-allocator-size-cloud-worker=32768"
    "memorysetup-temp-allocator-size-gi-baking-worker=262144"
    "memorysetup-temp-allocator-size-gfx=262144"
Refreshing native plugins compatible for Editor in 88.65 ms, found 3 plugins.
Preloading 0 native plugins for Editor in 0.00 ms.
Initialize engine version: 2021.3.5f1 (40eb3a945986)
[Subsystems] Discovering subsystems at path C:/Program Files/Unity/Hub/Editor/2021.3.5f1/Editor/Data/Resources/UnitySubsystems
[Subsystems] Discovering subsystems at path C:/Users/Andries/Documents/GitHub/HallOfTheGundead/New Unity Project/Assets
GfxDevice: creating device client; threaded=0; jobified=0
Direct3D:
    Version:  Direct3D 11.0 [level 11.1]
    Renderer: Radeon RX 570 Series (ID=0x67df)
    Vendor:   ATI
    VRAM:     4075 MB
    Driver:   30.0.13023.4001
Initialize mono
Mono path[0] = 'C:/Program Files/Unity/Hub/Editor/2021.3.5f1/Editor/Data/Managed'
Mono path[1] = 'C:/Program Files/Unity/Hub/Editor/2021.3.5f1/Editor/Data/MonoBleedingEdge/lib/mono/unityjit-win32'
Mono config path = 'C:/Program Files/Unity/Hub/Editor/2021.3.5f1/Editor/Data/MonoBleedingEdge/etc'
Using monoOptions --debugger-agent=transport=dt_socket,embedding=1,server=y,suspend=n,address=127.0.0.1:56296
Begin MonoManager ReloadAssembly
Registering precompiled unity dll's ...
Register platform support module: C:/Program Files/Unity/Hub/Editor/2021.3.5f1/Editor/Data/PlaybackEngines/WebGLSupport/UnityEditor.WebGL.Extensions.dll
Register platform support module: C:/Program Files/Unity/Hub/Editor/2021.3.5f1/Editor/Data/PlaybackEngines/WindowsStandaloneSupport/UnityEditor.WindowsStandalone.Extensions.dll
Register platform support module: C:/Program Files/Unity/Hub/Editor/2021.3.5f1/Editor/Data/PlaybackEngines/MetroSupport/UnityEditor.UWP.Extensions.dll
Registered in 0.035879 seconds.
Native extension for UWP target not found
Native extension for WindowsStandalone target not found
Native extension for WebGL target not found
Refreshing native plugins compatible for Editor in 93.19 ms, found 3 plugins.
Preloading 0 native plugins for Editor in 0.00 ms.
Mono: successfully reloaded assembly
- Completed reload, in  0.972 seconds
Domain Reload Profiling:
	ReloadAssembly (972ms)
		BeginReloadAssembly (98ms)
			ExecutionOrderSort (0ms)
			DisableScriptedObjects (0ms)
			BackupInstance (0ms)
			ReleaseScriptingObjects (0ms)
			CreateAndSetChildDomain (1ms)
		EndReloadAssembly (690ms)
			LoadAssemblies (96ms)
			RebuildTransferFunctionScriptingTraits (0ms)
			SetupTypeCache (143ms)
			ReleaseScriptCaches (0ms)
			RebuildScriptCaches (75ms)
			SetupLoadedEditorAssemblies (346ms)
				LogAssemblyErrors (0ms)
				InitializePlatformSupportModulesInManaged (18ms)
				SetLoadedEditorAssemblies (0ms)
				RefreshPlugins (93ms)
				BeforeProcessingInitializeOnLoad (3ms)
				ProcessInitializeOnLoadAttributes (179ms)
				ProcessInitializeOnLoadMethodAttributes (53ms)
				AfterProcessingInitializeOnLoad (0ms)
				EditorAssembliesLoaded (0ms)
			ExecutionOrderSort2 (0ms)
			AwakeInstancesAfterBackupRestoration (0ms)
Platform modules already initialized, skipping
Registering precompiled user dll's ...
Registered in 0.006808 seconds.
Begin MonoManager ReloadAssembly
Native extension for UWP target not found
Native extension for WindowsStandalone target not found
Native extension for WebGL target not found
Refreshing native plugins compatible for Editor in 0.92 ms, found 3 plugins.
Preloading 0 native plugins for Editor in 0.00 ms.
Mono: successfully reloaded assembly
- Completed reload, in  1.244 seconds
Domain Reload Profiling:
	ReloadAssembly (1245ms)
		BeginReloadAssembly (137ms)
			ExecutionOrderSort (0ms)
			DisableScriptedObjects (8ms)
			BackupInstance (0ms)
			ReleaseScriptingObjects (0ms)
			CreateAndSetChildDomain (21ms)
		EndReloadAssembly (956ms)
			LoadAssemblies (94ms)
			RebuildTransferFunctionScriptingTraits (0ms)
			SetupTypeCache (320ms)
			ReleaseScriptCaches (1ms)
			RebuildScriptCaches (62ms)
			SetupLoadedEditorAssemblies (426ms)
				LogAssemblyErrors (0ms)
				InitializePlatformSupportModulesInManaged (12ms)
				SetLoadedEditorAssemblies (1ms)
				RefreshPlugins (1ms)
				BeforeProcessingInitializeOnLoad (96ms)
				ProcessInitializeOnLoadAttributes (273ms)
				ProcessInitializeOnLoadMethodAttributes (33ms)
				AfterProcessingInitializeOnLoad (11ms)
				EditorAssembliesLoaded (0ms)
			ExecutionOrderSort2 (0ms)
			AwakeInstancesAfterBackupRestoration (8ms)
Platform modules already initialized, skipping
========================================================================
Worker process is ready to serve import requests
Launched and connected shader compiler UnityShaderCompiler.exe after 0.05 seconds
Refreshing native plugins compatible for Editor in 0.52 ms, found 3 plugins.
Preloading 0 native plugins for Editor in 0.00 ms.
Unloading 3247 Unused Serialized files (Serialized files now loaded: 0)
Unloading 24 unused Assets / (55.2 KB). Loaded Objects now: 3706.
Memory consumption went from 111.5 MB to 111.4 MB.
Total: 4.091200 ms (FindLiveObjects: 0.257200 ms CreateObjectMapping: 0.186300 ms MarkObjects: 3.575400 ms  DeleteObjects: 0.071200 ms)

AssetImportParameters requested are different than current active one (requested -> active):
  custom:video-decoder-ogg-theora: a1e56fd34408186e4bbccfd4996cb3dc -> 
  custom:container-muxer-webm: aa71ff27fc2769a1b78a27578f13a17b -> 
  custom:container-demuxer-webm: 4f35f7cbe854078d1ac9338744f61a02 -> 
  custom:video-encoder-webm-vp8: eb34c28f22e8b96e1ab97ce403110664 -> 
  custom:audio-encoder-webm-vorbis: bf7c407c2cedff20999df2af8eb42d56 -> 
  custom:framework-win-MediaFoundation: 216162199b28c13a410421893ffa2e32 -> 
  custom:container-demuxer-ogg: 62fdf1f143b41e24485cea50d1cbac27 -> 
  custom:video-decoder-webm-vp8: 9c59270c3fd7afecdb556c50c9e8de78 -> 
  custom:audio-decoder-ogg-vorbis: bf7c407c2cedff20999df2af8eb42d56 -> 
========================================================================
Received Import Request.
  Time since last request: 6292.850849 seconds.
  path: Assets
  artifactKey: Guid(00000000000000001000000000000000) Importer(815301076,1909f56bfc062723c751e8b465ee728b)
Start importing Assets using Guid(00000000000000001000000000000000) Importer(815301076,1909f56bfc062723c751e8b465ee728b)  -> (artifact id: '79842766b460edbeab6a34051e857a80') in 0.010348 seconds 
========================================================================
Received Import Request.
  Time since last request: 0.852128 seconds.
  path: Assets/Editor
  artifactKey: Guid(dea308118a5ad714294569fc54f64b8b) Importer(815301076,1909f56bfc062723c751e8b465ee728b)
Start importing Assets/Editor using Guid(dea308118a5ad714294569fc54f64b8b) Importer(815301076,1909f56bfc062723c751e8b465ee728b)  -> (artifact id: '33a72040d61eb366012ece9a85887900') in 0.015614 seconds 
========================================================================
Received Import Request.
  Time since last request: 165.056033 seconds.
  path: Assets/Editor/CreateAssetBundles.cs
  artifactKey: Guid(5fea7cd5382c63d4aa7478fa1fd3631b) Importer(815301076,1909f56bfc062723c751e8b465ee728b)
Start importing Assets/Editor/CreateAssetBundles.cs using Guid(5fea7cd5382c63d4aa7478fa1fd3631b) Importer(815301076,1909f56bfc062723c751e8b465ee728b)  -> (artifact id: '1c05454a7b5eb77af3c36ea7886d4664') in 0.051859 seconds 
========================================================================
Received Prepare
Registering precompiled user dll's ...
Registered in 0.034177 seconds.
Begin MonoManager ReloadAssembly
Native extension for UWP target not found
Native extension for WindowsStandalone target not found
Native extension for WebGL target not found
Refreshing native plugins compatible for Editor in 0.52 ms, found 3 plugins.
Preloading 0 native plugins for Editor in 0.00 ms.
Mono: successfully reloaded assembly
- Completed reload, in  1.021 seconds
Domain Reload Profiling:
	ReloadAssembly (1021ms)
		BeginReloadAssembly (130ms)
			ExecutionOrderSort (0ms)
			DisableScriptedObjects (6ms)
			BackupInstance (0ms)
			ReleaseScriptingObjects (0ms)
			CreateAndSetChildDomain (33ms)
		EndReloadAssembly (787ms)
			LoadAssemblies (84ms)
			RebuildTransferFunctionScriptingTraits (0ms)
			SetupTypeCache (255ms)
			ReleaseScriptCaches (1ms)
			RebuildScriptCaches (54ms)
			SetupLoadedEditorAssemblies (333ms)
				LogAssemblyErrors (0ms)
				InitializePlatformSupportModulesInManaged (19ms)
				SetLoadedEditorAssemblies (0ms)
				RefreshPlugins (1ms)
				BeforeProcessingInitializeOnLoad (65ms)
				ProcessInitializeOnLoadAttributes (203ms)
				ProcessInitializeOnLoadMethodAttributes (35ms)
				AfterProcessingInitializeOnLoad (9ms)
				EditorAssembliesLoaded (0ms)
			ExecutionOrderSort2 (0ms)
			AwakeInstancesAfterBackupRestoration (7ms)
Platform modules already initialized, skipping
Refreshing native plugins compatible for Editor in 2.09 ms, found 3 plugins.
Preloading 0 native plugins for Editor in 0.00 ms.
Unloading 3242 Unused Serialized files (Serialized files now loaded: 0)
Unloading 17 unused Assets / (24.6 KB). Loaded Objects now: 3710.
Memory consumption went from 111.4 MB to 111.4 MB.
Total: 2.784100 ms (FindLiveObjects: 0.235900 ms CreateObjectMapping: 0.144500 ms MarkObjects: 2.384100 ms  DeleteObjects: 0.018500 ms)

AssetImportParameters requested are different than current active one (requested -> active):
  custom:video-decoder-ogg-theora: a1e56fd34408186e4bbccfd4996cb3dc -> 
  custom:container-muxer-webm: aa71ff27fc2769a1b78a27578f13a17b -> 
  custom:container-demuxer-webm: 4f35f7cbe854078d1ac9338744f61a02 -> 
  custom:video-encoder-webm-vp8: eb34c28f22e8b96e1ab97ce403110664 -> 
  custom:audio-encoder-webm-vorbis: bf7c407c2cedff20999df2af8eb42d56 -> 
  custom:framework-win-MediaFoundation: 216162199b28c13a410421893ffa2e32 -> 
  custom:container-demuxer-ogg: 62fdf1f143b41e24485cea50d1cbac27 -> 
  custom:video-decoder-webm-vp8: 9c59270c3fd7afecdb556c50c9e8de78 -> 
  custom:audio-decoder-ogg-vorbis: bf7c407c2cedff20999df2af8eb42d56 -> 
========================================================================
Received Import Request.
  Time since last request: 14.466265 seconds.
  path: Assets/Editor/CreateAssetBundles.cs
  artifactKey: Guid(5fea7cd5382c63d4aa7478fa1fd3631b) Importer(815301076,1909f56bfc062723c751e8b465ee728b)
Start importing Assets/Editor/CreateAssetBundles.cs using Guid(5fea7cd5382c63d4aa7478fa1fd3631b) Importer(815301076,1909f56bfc062723c751e8b465ee728b)  -> (artifact id: '74fc9e553d2353aeecf75eb1a09dabbc') in 0.006553 seconds 
========================================================================
Received Import Request.
  Time since last request: 339.254038 seconds.
  path: Assets/HallAssets
  artifactKey: Guid(7ab2ac9e6fe65884cb657aa1afd7f9da) Importer(815301076,1909f56bfc062723c751e8b465ee728b)
Start importing Assets/HallAssets using Guid(7ab2ac9e6fe65884cb657aa1afd7f9da) Importer(815301076,1909f56bfc062723c751e8b465ee728b)  -> (artifact id: 'c890d88d2fd91ea80ab710ef9f7d2d9e') in 0.010292 seconds 
========================================================================
Received Import Request.
  Time since last request: 31.739148 seconds.
  path: Assets/HallAssets
  artifactKey: Guid(7ab2ac9e6fe65884cb657aa1afd7f9da) Importer(815301076,1909f56bfc062723c751e8b465ee728b)
Start importing Assets/HallAssets using Guid(7ab2ac9e6fe65884cb657aa1afd7f9da) Importer(815301076,1909f56bfc062723c751e8b465ee728b)  -> (artifact id: 'ae4fbec87d012ea8833737914a10243f') in 0.003184 seconds 
========================================================================
Received Import Request.
  Time since last request: 0.543438 seconds.
  path: Assets/HallAssets/ENV_Tileset_Rat.png
  artifactKey: Guid(2774d919a2894e642ac50d76a9f7a72b) Importer(815301076,1909f56bfc062723c751e8b465ee728b)
Start importing Assets/HallAssets/ENV_Tileset_Rat.png using Guid(2774d919a2894e642ac50d76a9f7a72b) Importer(815301076,1909f56bfc062723c751e8b465ee728b)  -> (artifact id: 'eb2c345906d8a3af6b94a2f25dcc6bc8') in 0.084908 seconds 
========================================================================
Received Import Request.
  Time since last request: 18.414492 seconds.
  path: Assets/HallAssets/ENV_Tileset_Hall.png
  artifactKey: Guid(2774d919a2894e642ac50d76a9f7a72b) Importer(815301076,1909f56bfc062723c751e8b465ee728b)
Start importing Assets/HallAssets/ENV_Tileset_Hall.png using Guid(2774d919a2894e642ac50d76a9f7a72b) Importer(815301076,1909f56bfc062723c751e8b465ee728b)  -> (artifact id: 'a719b6911c601c2f37bd6151d4bcfe6d') in 0.017497 seconds 
========================================================================
Received Import Request.
  Time since last request: 18.649792 seconds.
  path: Assets/HallAssets/New Prefab.prefab
  artifactKey: Guid(b996658ba070e994b825abcc624e265d) Importer(815301076,1909f56bfc062723c751e8b465ee728b)
Start importing Assets/HallAssets/New Prefab.prefab using Guid(b996658ba070e994b825abcc624e265d) Importer(815301076,1909f56bfc062723c751e8b465ee728b)  -> (artifact id: '6d7429b961d3f640a4aab78c2bf381fd') in 0.043137 seconds 
========================================================================
Received Import Request.
  Time since last request: 13.921610 seconds.
  path: Assets/HallAssets/Hall_BigPomp.prefab
  artifactKey: Guid(b996658ba070e994b825abcc624e265d) Importer(815301076,1909f56bfc062723c751e8b465ee728b)
Start importing Assets/HallAssets/Hall_BigPomp.prefab using Guid(b996658ba070e994b825abcc624e265d) Importer(815301076,1909f56bfc062723c751e8b465ee728b)  -> (artifact id: 'bded54037be7165a6427a3779bea6644') in 0.012494 seconds 
========================================================================
Received Import Request.
  Time since last request: 55.784807 seconds.
  path: Assets/HallAssets/BigPomp_Icon.prefab
  artifactKey: Guid(4570f245a4879874aab825206fc68d8e) Importer(815301076,1909f56bfc062723c751e8b465ee728b)
Start importing Assets/HallAssets/BigPomp_Icon.prefab using Guid(4570f245a4879874aab825206fc68d8e) Importer(815301076,1909f56bfc062723c751e8b465ee728b)  -> (artifact id: '2818d439e6a6413a8fe2b73201c69265') in 0.013835 seconds 
========================================================================
Received Import Request.
  Time since last request: 46.718648 seconds.
  path: Assets/HallAssets/ENV_Tileset_Hall.png
  artifactKey: Guid(2774d919a2894e642ac50d76a9f7a72b) Importer(815301076,1909f56bfc062723c751e8b465ee728b)
Start importing Assets/HallAssets/ENV_Tileset_Hall.png using Guid(2774d919a2894e642ac50d76a9f7a72b) Importer(815301076,1909f56bfc062723c751e8b465ee728b)  -> (artifact id: 'aca994397de528b6f2f30790767fc71c') in 0.017212 seconds 
========================================================================
Received Import Request.
  Time since last request: 92.544869 seconds.
  path: Assets/HallAssets/spooky_icon.png
  artifactKey: Guid(35bce8bc738ba264b89fee75b478e84e) Importer(815301076,1909f56bfc062723c751e8b465ee728b)
Start importing Assets/HallAssets/spooky_icon.png using Guid(35bce8bc738ba264b89fee75b478e84e) Importer(815301076,1909f56bfc062723c751e8b465ee728b)  -> (artifact id: 'a5c35cfd291f0858e66f045bd0b17185') in 0.015868 seconds 
========================================================================
Received Import Request.
  Time since last request: 6.278168 seconds.
  path: Assets/HallAssets/spooky_icon.png
  artifactKey: Guid(35bce8bc738ba264b89fee75b478e84e) Importer(815301076,1909f56bfc062723c751e8b465ee728b)
Start importing Assets/HallAssets/spooky_icon.png using Guid(35bce8bc738ba264b89fee75b478e84e) Importer(815301076,1909f56bfc062723c751e8b465ee728b)  -> (artifact id: '5814d0b62025ee60407ca3c49e36da09') in 0.014767 seconds 
========================================================================
Received Import Request.
  Time since last request: 8.829666 seconds.
  path: Assets/HallAssets/BigPomp_Icon.png
  artifactKey: Guid(35bce8bc738ba264b89fee75b478e84e) Importer(815301076,1909f56bfc062723c751e8b465ee728b)
Start importing Assets/HallAssets/BigPomp_Icon.png using Guid(35bce8bc738ba264b89fee75b478e84e) Importer(815301076,1909f56bfc062723c751e8b465ee728b)  -> (artifact id: '011e8a7e060fdb44c2813c1f1083a3f5') in 0.011468 seconds 
========================================================================
Received Prepare
Refreshing native plugins compatible for Editor in 66.86 ms, found 3 plugins.
Preloading 0 native plugins for Editor in 0.00 ms.
Unloading 17 Unused Serialized files (Serialized files now loaded: 0)
Unloading 17 unused Assets / (21.9 KB). Loaded Objects now: 3713.
Memory consumption went from 47.0 MB to 47.0 MB.
Total: 3.424500 ms (FindLiveObjects: 0.232700 ms CreateObjectMapping: 0.130700 ms MarkObjects: 3.028900 ms  DeleteObjects: 0.031200 ms)

AssetImportParameters requested are different than current active one (requested -> active):
  custom:video-decoder-ogg-theora: a1e56fd34408186e4bbccfd4996cb3dc -> 
  custom:container-muxer-webm: aa71ff27fc2769a1b78a27578f13a17b -> 
  custom:container-demuxer-webm: 4f35f7cbe854078d1ac9338744f61a02 -> 
  custom:video-encoder-webm-vp8: eb34c28f22e8b96e1ab97ce403110664 -> 
  custom:audio-encoder-webm-vorbis: bf7c407c2cedff20999df2af8eb42d56 -> 
  custom:framework-win-MediaFoundation: 216162199b28c13a410421893ffa2e32 -> 
  custom:container-demuxer-ogg: 62fdf1f143b41e24485cea50d1cbac27 -> 
  custom:video-decoder-webm-vp8: 9c59270c3fd7afecdb556c50c9e8de78 -> 
  custom:audio-decoder-ogg-vorbis: bf7c407c2cedff20999df2af8eb42d56 -> 
